<?xml version="1.0" encoding="UTF-8" ?>
<testsuite failures="0" time="0.008" errors="0" skipped="0" tests="1" name="com.linernotes.app.AppTest">
  <properties>
    <property name="java.runtime.name" value="Java(TM) SE Runtime Environment"/>
    <property name="sun.boot.library.path" value="/System/Library/Java/JavaVirtualMachines/1.6.0.jdk/Contents/Libraries"/>
    <property name="java.vm.version" value="20.8-b03-424"/>
    <property name="awt.nativeDoubleBuffering" value="true"/>
    <property name="gopherProxySet" value="false"/>
    <property name="mrj.build" value="11M3720"/>
    <property name="java.vm.vendor" value="Apple Inc."/>
    <property name="java.vendor.url" value="http://www.apple.com/"/>
    <property name="path.separator" value=":"/>
    <property name="java.vm.name" value="Java HotSpot(TM) 64-Bit Server VM"/>
    <property name="file.encoding.pkg" value="sun.io"/>
    <property name="user.country" value="US"/>
    <property name="sun.java.launcher" value="SUN_STANDARD"/>
    <property name="sun.os.patch.level" value="unknown"/>
    <property name="java.vm.specification.name" value="Java Virtual Machine Specification"/>
    <property name="user.dir" value="/Users/rogueleaderr/Programming/Java/projects/sesame-gremlin-test"/>
    <property name="java.runtime.version" value="1.6.0_33-b03-424-11M3720"/>
    <property name="java.awt.graphicsenv" value="apple.awt.CGraphicsEnvironment"/>
    <property name="basedir" value="/Users/rogueleaderr/Programming/Java/projects/sesame-gremlin-test"/>
    <property name="java.endorsed.dirs" value="/System/Library/Java/JavaVirtualMachines/1.6.0.jdk/Contents/Home/lib/endorsed"/>
    <property name="os.arch" value="x86_64"/>
    <property name="surefire.real.class.path" value="/Users/rogueleaderr/Programming/Java/projects/sesame-gremlin-test/target/surefire/surefirebooter7084210902489001914.jar"/>
    <property name="java.io.tmpdir" value="/var/folders/mn/06_rf9b11n9d7crzb5266bww0000gp/T/"/>
    <property name="line.separator" value="
"/>
    <property name="java.vm.specification.vendor" value="Sun Microsystems Inc."/>
    <property name="os.name" value="Mac OS X"/>
    <property name="sun.jnu.encoding" value="MacRoman"/>
    <property name="java.library.path" value=".:/Library/Java/Extensions:/System/Library/Java/Extensions:/usr/lib/java"/>
    <property name="surefire.test.class.path" value="/Users/rogueleaderr/Programming/Java/projects/sesame-gremlin-test/target/test-classes:/Users/rogueleaderr/Programming/Java/projects/sesame-gremlin-test/target/classes:/Users/rogueleaderr/.m2/repository/junit/junit/3.8.1/junit-3.8.1.jar:/Users/rogueleaderr/.m2/repository/org/openrdf/sesame/sesame-runtime/2.6.7/sesame-runtime-2.6.7.jar:/Users/rogueleaderr/.m2/repository/org/openrdf/sesame/sesame-model/2.6.7/sesame-model-2.6.7.jar:/Users/rogueleaderr/.m2/repository/org/openrdf/sesame/sesame-util/2.6.7/sesame-util-2.6.7.jar:/Users/rogueleaderr/.m2/repository/org/openrdf/sesame/sesame-query/2.6.7/sesame-query-2.6.7.jar:/Users/rogueleaderr/.m2/repository/org/openrdf/sesame/sesame-queryalgebra-model/2.6.7/sesame-queryalgebra-model-2.6.7.jar:/Users/rogueleaderr/.m2/repository/org/openrdf/sesame/sesame-queryparser-api/2.6.7/sesame-queryparser-api-2.6.7.jar:/Users/rogueleaderr/.m2/repository/org/openrdf/sesame/sesame-queryparser-serql/2.6.7/sesame-queryparser-serql-2.6.7.jar:/Users/rogueleaderr/.m2/repository/org/openrdf/sesame/sesame-queryparser-sparql/2.6.7/sesame-queryparser-sparql-2.6.7.jar:/Users/rogueleaderr/.m2/repository/org/openrdf/sesame/sesame-queryresultio-api/2.6.7/sesame-queryresultio-api-2.6.7.jar:/Users/rogueleaderr/.m2/repository/org/openrdf/sesame/sesame-queryresultio-binary/2.6.7/sesame-queryresultio-binary-2.6.7.jar:/Users/rogueleaderr/.m2/repository/org/openrdf/sesame/sesame-queryresultio-sparqljson/2.6.7/sesame-queryresultio-sparqljson-2.6.7.jar:/Users/rogueleaderr/.m2/repository/org/openrdf/sesame/sesame-queryresultio-sparqlxml/2.6.7/sesame-queryresultio-sparqlxml-2.6.7.jar:/Users/rogueleaderr/.m2/repository/org/openrdf/sesame/sesame-queryresultio-text/2.6.7/sesame-queryresultio-text-2.6.7.jar:/Users/rogueleaderr/.m2/repository/net/sf/opencsv/opencsv/2.0/opencsv-2.0.jar:/Users/rogueleaderr/.m2/repository/org/openrdf/sesame/sesame-repository-api/2.6.7/sesame-repository-api-2.6.7.jar:/Users/rogueleaderr/.m2/repository/org/openrdf/sesame/sesame-repository-manager/2.6.7/sesame-repository-manager-2.6.7.jar:/Users/rogueleaderr/.m2/repository/org/openrdf/sesame/sesame-repository-event/2.6.7/sesame-repository-event-2.6.7.jar:/Users/rogueleaderr/.m2/repository/org/openrdf/sesame/sesame-repository-http/2.6.7/sesame-repository-http-2.6.7.jar:/Users/rogueleaderr/.m2/repository/org/openrdf/sesame/sesame-repository-sail/2.6.7/sesame-repository-sail-2.6.7.jar:/Users/rogueleaderr/.m2/repository/org/openrdf/sesame/sesame-repository-dataset/2.6.7/sesame-repository-dataset-2.6.7.jar:/Users/rogueleaderr/.m2/repository/org/openrdf/sesame/sesame-repository-contextaware/2.6.7/sesame-repository-contextaware-2.6.7.jar:/Users/rogueleaderr/.m2/repository/org/openrdf/sesame/sesame-http-protocol/2.6.7/sesame-http-protocol-2.6.7.jar:/Users/rogueleaderr/.m2/repository/org/openrdf/sesame/sesame-http-client/2.6.7/sesame-http-client-2.6.7.jar:/Users/rogueleaderr/.m2/repository/commons-httpclient/commons-httpclient/3.1/commons-httpclient-3.1.jar:/Users/rogueleaderr/.m2/repository/commons-codec/commons-codec/1.4/commons-codec-1.4.jar:/Users/rogueleaderr/.m2/repository/org/openrdf/sesame/sesame-rio-api/2.6.7/sesame-rio-api-2.6.7.jar:/Users/rogueleaderr/.m2/repository/org/openrdf/sesame/sesame-rio-binary/2.6.7/sesame-rio-binary-2.6.7.jar:/Users/rogueleaderr/.m2/repository/org/openrdf/sesame/sesame-rio-ntriples/2.6.7/sesame-rio-ntriples-2.6.7.jar:/Users/rogueleaderr/.m2/repository/org/openrdf/sesame/sesame-rio-n3/2.6.7/sesame-rio-n3-2.6.7.jar:/Users/rogueleaderr/.m2/repository/org/openrdf/sesame/sesame-rio-rdfxml/2.6.7/sesame-rio-rdfxml-2.6.7.jar:/Users/rogueleaderr/.m2/repository/org/openrdf/sesame/sesame-rio-trix/2.6.7/sesame-rio-trix-2.6.7.jar:/Users/rogueleaderr/.m2/repository/org/openrdf/sesame/sesame-rio-turtle/2.6.7/sesame-rio-turtle-2.6.7.jar:/Users/rogueleaderr/.m2/repository/org/openrdf/sesame/sesame-rio-trig/2.6.7/sesame-rio-trig-2.6.7.jar:/Users/rogueleaderr/.m2/repository/org/openrdf/sesame/sesame-sail-api/2.6.7/sesame-sail-api-2.6.7.jar:/Users/rogueleaderr/.m2/repository/org/openrdf/sesame/sesame-sail-inferencer/2.6.7/sesame-sail-inferencer-2.6.7.jar:/Users/rogueleaderr/.m2/repository/org/openrdf/sesame/sesame-sail-memory/2.6.7/sesame-sail-memory-2.6.7.jar:/Users/rogueleaderr/.m2/repository/org/openrdf/sesame/sesame-sail-nativerdf/2.6.7/sesame-sail-nativerdf-2.6.7.jar:/Users/rogueleaderr/.m2/repository/org/openrdf/sesame/sesame-sail-rdbms/2.6.7/sesame-sail-rdbms-2.6.7.jar:/Users/rogueleaderr/.m2/repository/commons-dbcp/commons-dbcp/1.3/commons-dbcp-1.3.jar:/Users/rogueleaderr/.m2/repository/commons-pool/commons-pool/1.5.4/commons-pool-1.5.4.jar:/Users/rogueleaderr/.m2/repository/org/slf4j/slf4j-api/1.6.1/slf4j-api-1.6.1.jar:/Users/rogueleaderr/.m2/repository/org/slf4j/slf4j-log4j12/1.6.6/slf4j-log4j12-1.6.6.jar:/Users/rogueleaderr/.m2/repository/log4j/log4j/1.2.17/log4j-1.2.17.jar:/Users/rogueleaderr/.m2/repository/com/tinkerpop/blueprints/blueprints-core/2.0.0/blueprints-core-2.0.0.jar:/Users/rogueleaderr/.m2/repository/org/codehaus/jettison/jettison/1.3/jettison-1.3.jar:/Users/rogueleaderr/.m2/repository/stax/stax-api/1.0.1/stax-api-1.0.1.jar:/Users/rogueleaderr/.m2/repository/org/codehaus/jackson/jackson-jaxrs/1.8.5/jackson-jaxrs-1.8.5.jar:/Users/rogueleaderr/.m2/repository/org/codehaus/jackson/jackson-core-asl/1.8.5/jackson-core-asl-1.8.5.jar:/Users/rogueleaderr/.m2/repository/org/codehaus/jackson/jackson-mapper-asl/1.8.5/jackson-mapper-asl-1.8.5.jar:/Users/rogueleaderr/.m2/repository/colt/colt/1.2.0/colt-1.2.0.jar:/Users/rogueleaderr/.m2/repository/concurrent/concurrent/1.3.4/concurrent-1.3.4.jar:/Users/rogueleaderr/.m2/repository/com/tinkerpop/blueprints/blueprints-graph-sail/2.0.0/blueprints-graph-sail-2.0.0.jar:/Users/rogueleaderr/.m2/repository/net/fortytwo/sesametools/common/1.6/common-1.6.jar:/Users/rogueleaderr/.m2/repository/org/openrdf/sesame/sesame-queryalgebra-evaluation/2.6.4/sesame-queryalgebra-evaluation-2.6.4.jar:/Users/rogueleaderr/.m2/repository/org/openrdf/sesame/sesame-repository-sparql/2.6.4/sesame-repository-sparql-2.6.4.jar:/Users/rogueleaderr/.m2/repository/com/tinkerpop/blueprints/blueprints-sail-graph/2.0.0/blueprints-sail-graph-2.0.0.jar:/Users/rogueleaderr/.m2/repository/net/fortytwo/linked-data-sail/0.7/linked-data-sail-0.7.jar:/Users/rogueleaderr/.m2/repository/net/fortytwo/ripple/ripple-rdf/0.7/ripple-rdf-0.7.jar:/Users/rogueleaderr/.m2/repository/net/fortytwo/ripple/ripple-base/0.7/ripple-base-0.7.jar:/Users/rogueleaderr/.m2/repository/net/fortytwo/rdfflow/0.7/rdfflow-0.7.jar:/Users/rogueleaderr/.m2/repository/net/fortytwo/flow/0.7/flow-0.7.jar:/Users/rogueleaderr/.m2/repository/org/restlet/org.restlet/1.0.5/org.restlet-1.0.5.jar:/Users/rogueleaderr/.m2/repository/net/fortytwo/sesametools/nquads/1.6/nquads-1.6.jar:/Users/rogueleaderr/.m2/repository/net/fortytwo/sesametools/reposail/1.6/reposail-1.6.jar:"/>
    <property name="java.specification.name" value="Java Platform API Specification"/>
    <property name="java.class.version" value="50.0"/>
    <property name="sun.management.compiler" value="HotSpot 64-Bit Tiered Compilers"/>
    <property name="os.version" value="10.7.4"/>
    <property name="http.nonProxyHosts" value="local|*.local|169.254/16|*.169.254/16"/>
    <property name="user.home" value="/Users/rogueleaderr"/>
    <property name="user.timezone" value=""/>
    <property name="java.awt.printerjob" value="apple.awt.CPrinterJob"/>
    <property name="java.specification.version" value="1.6"/>
    <property name="file.encoding" value="MacRoman"/>
    <property name="user.name" value="rogueleaderr"/>
    <property name="java.class.path" value="/Users/rogueleaderr/Programming/Java/projects/sesame-gremlin-test/target/test-classes:/Users/rogueleaderr/Programming/Java/projects/sesame-gremlin-test/target/classes:/Users/rogueleaderr/.m2/repository/junit/junit/3.8.1/junit-3.8.1.jar:/Users/rogueleaderr/.m2/repository/org/openrdf/sesame/sesame-runtime/2.6.7/sesame-runtime-2.6.7.jar:/Users/rogueleaderr/.m2/repository/org/openrdf/sesame/sesame-model/2.6.7/sesame-model-2.6.7.jar:/Users/rogueleaderr/.m2/repository/org/openrdf/sesame/sesame-util/2.6.7/sesame-util-2.6.7.jar:/Users/rogueleaderr/.m2/repository/org/openrdf/sesame/sesame-query/2.6.7/sesame-query-2.6.7.jar:/Users/rogueleaderr/.m2/repository/org/openrdf/sesame/sesame-queryalgebra-model/2.6.7/sesame-queryalgebra-model-2.6.7.jar:/Users/rogueleaderr/.m2/repository/org/openrdf/sesame/sesame-queryparser-api/2.6.7/sesame-queryparser-api-2.6.7.jar:/Users/rogueleaderr/.m2/repository/org/openrdf/sesame/sesame-queryparser-serql/2.6.7/sesame-queryparser-serql-2.6.7.jar:/Users/rogueleaderr/.m2/repository/org/openrdf/sesame/sesame-queryparser-sparql/2.6.7/sesame-queryparser-sparql-2.6.7.jar:/Users/rogueleaderr/.m2/repository/org/openrdf/sesame/sesame-queryresultio-api/2.6.7/sesame-queryresultio-api-2.6.7.jar:/Users/rogueleaderr/.m2/repository/org/openrdf/sesame/sesame-queryresultio-binary/2.6.7/sesame-queryresultio-binary-2.6.7.jar:/Users/rogueleaderr/.m2/repository/org/openrdf/sesame/sesame-queryresultio-sparqljson/2.6.7/sesame-queryresultio-sparqljson-2.6.7.jar:/Users/rogueleaderr/.m2/repository/org/openrdf/sesame/sesame-queryresultio-sparqlxml/2.6.7/sesame-queryresultio-sparqlxml-2.6.7.jar:/Users/rogueleaderr/.m2/repository/org/openrdf/sesame/sesame-queryresultio-text/2.6.7/sesame-queryresultio-text-2.6.7.jar:/Users/rogueleaderr/.m2/repository/net/sf/opencsv/opencsv/2.0/opencsv-2.0.jar:/Users/rogueleaderr/.m2/repository/org/openrdf/sesame/sesame-repository-api/2.6.7/sesame-repository-api-2.6.7.jar:/Users/rogueleaderr/.m2/repository/org/openrdf/sesame/sesame-repository-manager/2.6.7/sesame-repository-manager-2.6.7.jar:/Users/rogueleaderr/.m2/repository/org/openrdf/sesame/sesame-repository-event/2.6.7/sesame-repository-event-2.6.7.jar:/Users/rogueleaderr/.m2/repository/org/openrdf/sesame/sesame-repository-http/2.6.7/sesame-repository-http-2.6.7.jar:/Users/rogueleaderr/.m2/repository/org/openrdf/sesame/sesame-repository-sail/2.6.7/sesame-repository-sail-2.6.7.jar:/Users/rogueleaderr/.m2/repository/org/openrdf/sesame/sesame-repository-dataset/2.6.7/sesame-repository-dataset-2.6.7.jar:/Users/rogueleaderr/.m2/repository/org/openrdf/sesame/sesame-repository-contextaware/2.6.7/sesame-repository-contextaware-2.6.7.jar:/Users/rogueleaderr/.m2/repository/org/openrdf/sesame/sesame-http-protocol/2.6.7/sesame-http-protocol-2.6.7.jar:/Users/rogueleaderr/.m2/repository/org/openrdf/sesame/sesame-http-client/2.6.7/sesame-http-client-2.6.7.jar:/Users/rogueleaderr/.m2/repository/commons-httpclient/commons-httpclient/3.1/commons-httpclient-3.1.jar:/Users/rogueleaderr/.m2/repository/commons-codec/commons-codec/1.4/commons-codec-1.4.jar:/Users/rogueleaderr/.m2/repository/org/openrdf/sesame/sesame-rio-api/2.6.7/sesame-rio-api-2.6.7.jar:/Users/rogueleaderr/.m2/repository/org/openrdf/sesame/sesame-rio-binary/2.6.7/sesame-rio-binary-2.6.7.jar:/Users/rogueleaderr/.m2/repository/org/openrdf/sesame/sesame-rio-ntriples/2.6.7/sesame-rio-ntriples-2.6.7.jar:/Users/rogueleaderr/.m2/repository/org/openrdf/sesame/sesame-rio-n3/2.6.7/sesame-rio-n3-2.6.7.jar:/Users/rogueleaderr/.m2/repository/org/openrdf/sesame/sesame-rio-rdfxml/2.6.7/sesame-rio-rdfxml-2.6.7.jar:/Users/rogueleaderr/.m2/repository/org/openrdf/sesame/sesame-rio-trix/2.6.7/sesame-rio-trix-2.6.7.jar:/Users/rogueleaderr/.m2/repository/org/openrdf/sesame/sesame-rio-turtle/2.6.7/sesame-rio-turtle-2.6.7.jar:/Users/rogueleaderr/.m2/repository/org/openrdf/sesame/sesame-rio-trig/2.6.7/sesame-rio-trig-2.6.7.jar:/Users/rogueleaderr/.m2/repository/org/openrdf/sesame/sesame-sail-api/2.6.7/sesame-sail-api-2.6.7.jar:/Users/rogueleaderr/.m2/repository/org/openrdf/sesame/sesame-sail-inferencer/2.6.7/sesame-sail-inferencer-2.6.7.jar:/Users/rogueleaderr/.m2/repository/org/openrdf/sesame/sesame-sail-memory/2.6.7/sesame-sail-memory-2.6.7.jar:/Users/rogueleaderr/.m2/repository/org/openrdf/sesame/sesame-sail-nativerdf/2.6.7/sesame-sail-nativerdf-2.6.7.jar:/Users/rogueleaderr/.m2/repository/org/openrdf/sesame/sesame-sail-rdbms/2.6.7/sesame-sail-rdbms-2.6.7.jar:/Users/rogueleaderr/.m2/repository/commons-dbcp/commons-dbcp/1.3/commons-dbcp-1.3.jar:/Users/rogueleaderr/.m2/repository/commons-pool/commons-pool/1.5.4/commons-pool-1.5.4.jar:/Users/rogueleaderr/.m2/repository/org/slf4j/slf4j-api/1.6.1/slf4j-api-1.6.1.jar:/Users/rogueleaderr/.m2/repository/org/slf4j/slf4j-log4j12/1.6.6/slf4j-log4j12-1.6.6.jar:/Users/rogueleaderr/.m2/repository/log4j/log4j/1.2.17/log4j-1.2.17.jar:/Users/rogueleaderr/.m2/repository/com/tinkerpop/blueprints/blueprints-core/2.0.0/blueprints-core-2.0.0.jar:/Users/rogueleaderr/.m2/repository/org/codehaus/jettison/jettison/1.3/jettison-1.3.jar:/Users/rogueleaderr/.m2/repository/stax/stax-api/1.0.1/stax-api-1.0.1.jar:/Users/rogueleaderr/.m2/repository/org/codehaus/jackson/jackson-jaxrs/1.8.5/jackson-jaxrs-1.8.5.jar:/Users/rogueleaderr/.m2/repository/org/codehaus/jackson/jackson-core-asl/1.8.5/jackson-core-asl-1.8.5.jar:/Users/rogueleaderr/.m2/repository/org/codehaus/jackson/jackson-mapper-asl/1.8.5/jackson-mapper-asl-1.8.5.jar:/Users/rogueleaderr/.m2/repository/colt/colt/1.2.0/colt-1.2.0.jar:/Users/rogueleaderr/.m2/repository/concurrent/concurrent/1.3.4/concurrent-1.3.4.jar:/Users/rogueleaderr/.m2/repository/com/tinkerpop/blueprints/blueprints-graph-sail/2.0.0/blueprints-graph-sail-2.0.0.jar:/Users/rogueleaderr/.m2/repository/net/fortytwo/sesametools/common/1.6/common-1.6.jar:/Users/rogueleaderr/.m2/repository/org/openrdf/sesame/sesame-queryalgebra-evaluation/2.6.4/sesame-queryalgebra-evaluation-2.6.4.jar:/Users/rogueleaderr/.m2/repository/org/openrdf/sesame/sesame-repository-sparql/2.6.4/sesame-repository-sparql-2.6.4.jar:/Users/rogueleaderr/.m2/repository/com/tinkerpop/blueprints/blueprints-sail-graph/2.0.0/blueprints-sail-graph-2.0.0.jar:/Users/rogueleaderr/.m2/repository/net/fortytwo/linked-data-sail/0.7/linked-data-sail-0.7.jar:/Users/rogueleaderr/.m2/repository/net/fortytwo/ripple/ripple-rdf/0.7/ripple-rdf-0.7.jar:/Users/rogueleaderr/.m2/repository/net/fortytwo/ripple/ripple-base/0.7/ripple-base-0.7.jar:/Users/rogueleaderr/.m2/repository/net/fortytwo/rdfflow/0.7/rdfflow-0.7.jar:/Users/rogueleaderr/.m2/repository/net/fortytwo/flow/0.7/flow-0.7.jar:/Users/rogueleaderr/.m2/repository/org/restlet/org.restlet/1.0.5/org.restlet-1.0.5.jar:/Users/rogueleaderr/.m2/repository/net/fortytwo/sesametools/nquads/1.6/nquads-1.6.jar:/Users/rogueleaderr/.m2/repository/net/fortytwo/sesametools/reposail/1.6/reposail-1.6.jar:"/>
    <property name="java.vm.specification.version" value="1.0"/>
    <property name="sun.arch.data.model" value="64"/>
    <property name="java.home" value="/System/Library/Java/JavaVirtualMachines/1.6.0.jdk/Contents/Home"/>
    <property name="sun.java.command" value="/Users/rogueleaderr/Programming/Java/projects/sesame-gremlin-test/target/surefire/surefirebooter7084210902489001914.jar /Users/rogueleaderr/Programming/Java/projects/sesame-gremlin-test/target/surefire/surefire797270446160161847tmp /Users/rogueleaderr/Programming/Java/projects/sesame-gremlin-test/target/surefire/surefire3532338362696310121tmp"/>
    <property name="java.specification.vendor" value="Sun Microsystems Inc."/>
    <property name="user.language" value="en"/>
    <property name="awt.toolkit" value="apple.awt.CToolkit"/>
    <property name="java.vm.info" value="mixed mode"/>
    <property name="java.version" value="1.6.0_33"/>
    <property name="java.ext.dirs" value="/Library/Java/Extensions:/System/Library/Java/Extensions:/System/Library/Java/JavaVirtualMachines/1.6.0.jdk/Contents/Home/lib/ext"/>
    <property name="sun.boot.class.path" value="/System/Library/Java/JavaVirtualMachines/1.6.0.jdk/Contents/Classes/jsfd.jar:/System/Library/Java/JavaVirtualMachines/1.6.0.jdk/Contents/Classes/classes.jar:/System/Library/Frameworks/JavaVM.framework/Frameworks/JavaRuntimeSupport.framework/Resources/Java/JavaRuntimeSupport.jar:/System/Library/Java/JavaVirtualMachines/1.6.0.jdk/Contents/Classes/ui.jar:/System/Library/Java/JavaVirtualMachines/1.6.0.jdk/Contents/Classes/laf.jar:/System/Library/Java/JavaVirtualMachines/1.6.0.jdk/Contents/Classes/sunrsasign.jar:/System/Library/Java/JavaVirtualMachines/1.6.0.jdk/Contents/Classes/jsse.jar:/System/Library/Java/JavaVirtualMachines/1.6.0.jdk/Contents/Classes/jce.jar:/System/Library/Java/JavaVirtualMachines/1.6.0.jdk/Contents/Classes/charsets.jar"/>
    <property name="java.vendor" value="Apple Inc."/>
    <property name="localRepository" value="/Users/rogueleaderr/.m2/repository"/>
    <property name="file.separator" value="/"/>
    <property name="java.vendor.url.bug" value="http://bugreport.apple.com/"/>
    <property name="sun.cpu.endian" value="little"/>
    <property name="sun.io.unicode.encoding" value="UnicodeLittle"/>
    <property name="mrj.version" value="1070.1.6.0_33-424"/>
    <property name="socksNonProxyHosts" value="local|*.local|169.254/16|*.169.254/16"/>
    <property name="ftp.nonProxyHosts" value="local|*.local|169.254/16|*.169.254/16"/>
    <property name="sun.cpu.isalist" value=""/>
  </properties>
  <testcase time="0.001" classname="com.linernotes.app.AppTest" name="testApp"/>
</testsuite>